[ 2017-01-24T15:19:53+08:00 ] ::1 /taoyongjin/Public/Home/theme/default/js/jquery.min.map
ERR: 无法加载控制器:Public

[ 2017-01-24T15:33:31+08:00 ] ::1 /taoyongjin/Public/Home/theme/default/js/jquery.min.map
ERR: 无法加载控制器:Public

[ 2017-01-24T15:34:05+08:00 ] ::1 /taoyongjin/Public/Home/theme/default/js/jquery.min.map
ERR: 无法加载控制器:Public

[ 2017-01-24T15:34:22+08:00 ] ::1 /taoyongjin/Public/Home/theme/default/js/jquery.min.map
ERR: 无法加载控制器:Public

[ 2017-01-24T15:34:24+08:00 ] ::1 /taoyongjin/Public/Home/theme/default/js/jquery.min.map
ERR: 无法加载控制器:Public

[ 2017-01-24T15:34:25+08:00 ] ::1 /taoyongjin/Public/Home/theme/default/js/jquery.min.map
ERR: 无法加载控制器:Public

[ 2017-01-24T15:35:37+08:00 ] ::1 /taoyongjin/Public/Home/theme/default/js/jquery.min.map
ERR: 无法加载控制器:Public

[ 2017-01-24T15:35:48+08:00 ] ::1 /taoyongjin/Public/Home/theme/default/js/jquery.min.map
ERR: 无法加载控制器:Public

[ 2017-01-24T15:37:20+08:00 ] ::1 /taoyongjin/Public/Home/theme/default/js/jquery.min.map
ERR: 无法加载控制器:Public

[ 2017-01-24T15:37:54+08:00 ] ::1 /taoyongjin/Public/Home/theme/default/js/jquery.min.map
ERR: 无法加载控制器:Public

[ 2017-01-24T15:39:42+08:00 ] ::1 /taoyongjin/Public/Home/theme/default/js/jquery.min.map
ERR: 无法加载控制器:Public

[ 2017-01-24T15:45:24+08:00 ] ::1 /taoyongjin/Public/Home/theme/default/js/jquery.min.map
ERR: 无法加载控制器:Public

[ 2017-01-24T15:46:50+08:00 ] ::1 /taoyongjin/Public/Home/theme/default/js/jquery.min.map
ERR: 无法加载控制器:Public

[ 2017-01-24T15:47:17+08:00 ] ::1 /taoyongjin/Public/Home/theme/default/js/jquery.min.map
ERR: 无法加载控制器:Public

[ 2017-01-24T15:48:21+08:00 ] ::1 /taoyongjin/Public/Home/theme/default/js/jquery.min.map
ERR: 无法加载控制器:Public

[ 2017-01-24T15:48:56+08:00 ] ::1 /taoyongjin/Public/Home/theme/default/js/jquery.min.map
ERR: 无法加载控制器:Public

[ 2017-01-24T15:49:19+08:00 ] ::1 /taoyongjin/Public/Home/theme/default/js/jquery.min.map
ERR: 无法加载控制器:Public

[ 2017-01-24T15:51:19+08:00 ] ::1 /taoyongjin/Public/Home/theme/default/js/jquery.min.map
ERR: 无法加载控制器:Public

[ 2017-01-24T15:59:06+08:00 ] ::1 /taoyongjin/Public/Home/theme/default/js/jquery.min.map
ERR: 无法加载控制器:Public

[ 2017-01-24T15:59:56+08:00 ] ::1 /taoyongjin/Public/Home/theme/default/js/jquery.min.map
ERR: 无法加载控制器:Public

[ 2017-01-24T16:48:12+08:00 ] ::1 /taoyongjin/taobao_atb_items_get
ERR: 无法加载控制器:Taobao_atb_items_get

[ 2017-01-24T16:48:30+08:00 ] ::1 /taoyongjin/Home/Taobao/taobao_atb_items_get
ERR: 无法加载控制器:Taobao

