[ 2017-01-25T11:22:17+08:00 ] ::1 /taoyongjin/index.php/Admin/Index/console?_=1485314536888
INFO: [ app_begin ] --START--
INFO: Run Behavior\ReadHtmlCacheBehavior [ RunTime:0.002741s ]
INFO: [ app_begin ] --END-- [ RunTime:0.004405s ]
SQL: select node.id,node.name from bbb_role as role,bbb_role_user as user,bbb_access as access ,bbb_node as node where user.user_id='1' and user.role_id=role.id and ( access.role_id=role.id  or (access.role_id=role.pid and role.pid!=0 ) ) and role.status=1 and access.node_id=node.id and node.level=1 and node.status=1 [ RunTime:0.0007s ]
SQL: select node.id,node.name from bbb_role as role,bbb_role_user as user,bbb_access as access ,bbb_node as node where user.user_id='1' and user.role_id=role.id and ( access.role_id=role.id  or (access.role_id=role.pid and role.pid!=0 ) ) and role.status=1 and access.node_id=node.id and node.level=2 and node.pid=1 and node.status=1 [ RunTime:0.0007s ]
SQL: select node.id,node.name from bbb_role as role,bbb_role_user as user,bbb_access as access ,bbb_node as node where user.user_id='1' and user.role_id=role.id and ( access.role_id=role.id  or (access.role_id=role.pid and role.pid!=0 ) ) and role.status=1 and access.node_id=node.id and node.level=3 and node.pid=2 and node.status=1 [ RunTime:0.0005s ]
SQL: select node.id,node.name from bbb_role as role,bbb_role_user as user,bbb_access as access ,bbb_node as node where user.user_id='1' and user.role_id=role.id and ( access.role_id=role.id  or (access.role_id=role.pid and role.pid!=0 ) ) and role.status=1 and access.node_id=node.id and node.level=3 and node.pid=9 and node.status=1 [ RunTime:0.0004s ]
SQL: select node.id,node.name from bbb_role as role,bbb_role_user as user,bbb_access as access ,bbb_node as node where user.user_id='1' and user.role_id=role.id and ( access.role_id=role.id  or (access.role_id=role.pid and role.pid!=0 ) ) and role.status=1 and access.node_id=node.id and node.level=3 and node.pid=10 and node.status=1 [ RunTime:0.0005s ]
SQL: select node.id,node.name from bbb_role as role,bbb_role_user as user,bbb_access as access ,bbb_node as node where user.user_id='1' and user.role_id=role.id and ( access.role_id=role.id  or (access.role_id=role.pid and role.pid!=0 ) ) and role.status=1 and access.node_id=node.id and node.level=3 and node.pid=22 and node.status=1 [ RunTime:0.0004s ]
SQL: select node.id,node.name from bbb_role as role,bbb_role_user as user,bbb_access as access ,bbb_node as node where user.user_id='1' and user.role_id=role.id and ( access.role_id=role.id  or (access.role_id=role.pid and role.pid!=0 ) ) and role.status=1 and access.node_id=node.id and node.level=3 and node.pid=27 and node.status=1 [ RunTime:0.0004s ]
SQL: select node.id,node.name from bbb_role as role,bbb_role_user as user,bbb_access as access ,bbb_node as node where user.user_id='1' and user.role_id=role.id and ( access.role_id=role.id  or (access.role_id=role.pid and role.pid!=0 ) ) and role.status=1 and access.node_id=node.id and node.level=3 and node.pid=40 and node.status=1 [ RunTime:0.0004s ]
SQL: select node.id,node.name from bbb_role as role,bbb_role_user as user,bbb_access as access ,bbb_node as node where user.user_id='1' and user.role_id=role.id and ( access.role_id=role.id  or (access.role_id=role.pid and role.pid!=0 ) ) and role.status=1 and access.node_id=node.id and node.level=3 and node.pid=44 and node.status=1 [ RunTime:0.0004s ]
SQL: select node.id,node.name from bbb_role as role,bbb_role_user as user,bbb_access as access ,bbb_node as node where user.user_id='1' and user.role_id=role.id and ( access.role_id=role.id  or (access.role_id=role.pid and role.pid!=0 ) ) and role.status=1 and access.node_id=node.id and node.level=3 and node.pid=54 and node.status=1 [ RunTime:0.0004s ]
SQL: select node.id,node.name from bbb_role as role,bbb_role_user as user,bbb_access as access ,bbb_node as node where user.user_id='1' and user.role_id=role.id and ( access.role_id=role.id  or (access.role_id=role.pid and role.pid!=0 ) ) and role.status=1 and access.node_id=node.id and node.level=3 and node.pid=60 and node.status=1 [ RunTime:0.0004s ]
SQL: select node.id,node.name from bbb_role as role,bbb_role_user as user,bbb_access as access ,bbb_node as node where user.user_id='1' and user.role_id=role.id and ( access.role_id=role.id  or (access.role_id=role.pid and role.pid!=0 ) ) and role.status=1 and access.node_id=node.id and node.level=3 and node.pid=61 and node.status=1 [ RunTime:0.0004s ]
SQL: select node.id,node.name from bbb_role as role,bbb_role_user as user,bbb_access as access ,bbb_node as node where user.user_id='1' and user.role_id=role.id and ( access.role_id=role.id  or (access.role_id=role.pid and role.pid!=0 ) ) and role.status=1 and access.node_id=node.id and node.level=3 and node.pid=73 and node.status=1 [ RunTime:0.0004s ]
SQL: select node.id,node.name from bbb_role as role,bbb_role_user as user,bbb_access as access ,bbb_node as node where user.user_id='1' and user.role_id=role.id and ( access.role_id=role.id  or (access.role_id=role.pid and role.pid!=0 ) ) and role.status=1 and access.node_id=node.id and node.level=3 and node.pid=149 and node.status=1 [ RunTime:0.0005s ]
INFO: [ view_parse ] --START--
INFO: [ template_filter ] --START--
INFO: Run Behavior\ContentReplaceBehavior [ RunTime:0.000103s ]
INFO: [ template_filter ] --END-- [ RunTime:0.000266s ]
INFO: Run Behavior\ParseTemplateBehavior [ RunTime:0.014330s ]
INFO: [ view_parse ] --END-- [ RunTime:0.014599s ]
INFO: [ view_filter ] --START--
INFO: Run Behavior\WriteHtmlCacheBehavior [ RunTime:0.001563s ]
INFO: [ view_filter ] --END-- [ RunTime:0.001728s ]
INFO: [ app_end ] --START--
INFO: Run Behavior\ShowPageTraceBehavior [ RunTime:0.001078s ]
INFO: [ app_end ] --END-- [ RunTime:0.001232s ]

[ 2017-01-25T23:20:19+08:00 ] ::1 /taoyongjin/Admin/SystemMenu/node?_=1485314536889
INFO: [ app_begin ] --START--
INFO: Run Behavior\ReadHtmlCacheBehavior [ RunTime:0.002097s ]
INFO: [ app_begin ] --END-- [ RunTime:0.003746s ]
SQL: select node.id,node.name from bbb_role as role,bbb_role_user as user,bbb_access as access ,bbb_node as node where user.user_id='1' and user.role_id=role.id and ( access.role_id=role.id  or (access.role_id=role.pid and role.pid!=0 ) ) and role.status=1 and access.node_id=node.id and node.level=1 and node.status=1 [ RunTime:0.0009s ]
SQL: select node.id,node.name from bbb_role as role,bbb_role_user as user,bbb_access as access ,bbb_node as node where user.user_id='1' and user.role_id=role.id and ( access.role_id=role.id  or (access.role_id=role.pid and role.pid!=0 ) ) and role.status=1 and access.node_id=node.id and node.level=2 and node.pid=1 and node.status=1 [ RunTime:0.0008s ]
SQL: select node.id,node.name from bbb_role as role,bbb_role_user as user,bbb_access as access ,bbb_node as node where user.user_id='1' and user.role_id=role.id and ( access.role_id=role.id  or (access.role_id=role.pid and role.pid!=0 ) ) and role.status=1 and access.node_id=node.id and node.level=3 and node.pid=2 and node.status=1 [ RunTime:0.0005s ]
SQL: select node.id,node.name from bbb_role as role,bbb_role_user as user,bbb_access as access ,bbb_node as node where user.user_id='1' and user.role_id=role.id and ( access.role_id=role.id  or (access.role_id=role.pid and role.pid!=0 ) ) and role.status=1 and access.node_id=node.id and node.level=3 and node.pid=9 and node.status=1 [ RunTime:0.0004s ]
SQL: select node.id,node.name from bbb_role as role,bbb_role_user as user,bbb_access as access ,bbb_node as node where user.user_id='1' and user.role_id=role.id and ( access.role_id=role.id  or (access.role_id=role.pid and role.pid!=0 ) ) and role.status=1 and access.node_id=node.id and node.level=3 and node.pid=10 and node.status=1 [ RunTime:0.0004s ]
SQL: select node.id,node.name from bbb_role as role,bbb_role_user as user,bbb_access as access ,bbb_node as node where user.user_id='1' and user.role_id=role.id and ( access.role_id=role.id  or (access.role_id=role.pid and role.pid!=0 ) ) and role.status=1 and access.node_id=node.id and node.level=3 and node.pid=22 and node.status=1 [ RunTime:0.0004s ]
SQL: select node.id,node.name from bbb_role as role,bbb_role_user as user,bbb_access as access ,bbb_node as node where user.user_id='1' and user.role_id=role.id and ( access.role_id=role.id  or (access.role_id=role.pid and role.pid!=0 ) ) and role.status=1 and access.node_id=node.id and node.level=3 and node.pid=27 and node.status=1 [ RunTime:0.0004s ]
SQL: select node.id,node.name from bbb_role as role,bbb_role_user as user,bbb_access as access ,bbb_node as node where user.user_id='1' and user.role_id=role.id and ( access.role_id=role.id  or (access.role_id=role.pid and role.pid!=0 ) ) and role.status=1 and access.node_id=node.id and node.level=3 and node.pid=40 and node.status=1 [ RunTime:0.0003s ]
SQL: select node.id,node.name from bbb_role as role,bbb_role_user as user,bbb_access as access ,bbb_node as node where user.user_id='1' and user.role_id=role.id and ( access.role_id=role.id  or (access.role_id=role.pid and role.pid!=0 ) ) and role.status=1 and access.node_id=node.id and node.level=3 and node.pid=44 and node.status=1 [ RunTime:0.0004s ]
SQL: select node.id,node.name from bbb_role as role,bbb_role_user as user,bbb_access as access ,bbb_node as node where user.user_id='1' and user.role_id=role.id and ( access.role_id=role.id  or (access.role_id=role.pid and role.pid!=0 ) ) and role.status=1 and access.node_id=node.id and node.level=3 and node.pid=54 and node.status=1 [ RunTime:0.0004s ]
SQL: select node.id,node.name from bbb_role as role,bbb_role_user as user,bbb_access as access ,bbb_node as node where user.user_id='1' and user.role_id=role.id and ( access.role_id=role.id  or (access.role_id=role.pid and role.pid!=0 ) ) and role.status=1 and access.node_id=node.id and node.level=3 and node.pid=60 and node.status=1 [ RunTime:0.0005s ]
SQL: select node.id,node.name from bbb_role as role,bbb_role_user as user,bbb_access as access ,bbb_node as node where user.user_id='1' and user.role_id=role.id and ( access.role_id=role.id  or (access.role_id=role.pid and role.pid!=0 ) ) and role.status=1 and access.node_id=node.id and node.level=3 and node.pid=61 and node.status=1 [ RunTime:0.0005s ]
SQL: select node.id,node.name from bbb_role as role,bbb_role_user as user,bbb_access as access ,bbb_node as node where user.user_id='1' and user.role_id=role.id and ( access.role_id=role.id  or (access.role_id=role.pid and role.pid!=0 ) ) and role.status=1 and access.node_id=node.id and node.level=3 and node.pid=73 and node.status=1 [ RunTime:0.0004s ]
SQL: select node.id,node.name from bbb_role as role,bbb_role_user as user,bbb_access as access ,bbb_node as node where user.user_id='1' and user.role_id=role.id and ( access.role_id=role.id  or (access.role_id=role.pid and role.pid!=0 ) ) and role.status=1 and access.node_id=node.id and node.level=3 and node.pid=149 and node.status=1 [ RunTime:0.0004s ]
INFO: [ view_parse ] --START--
INFO: [ template_filter ] --START--
INFO: Run Behavior\ContentReplaceBehavior [ RunTime:0.000157s ]
INFO: [ template_filter ] --END-- [ RunTime:0.000348s ]
INFO: Run Behavior\ParseTemplateBehavior [ RunTime:0.016706s ]
INFO: [ view_parse ] --END-- [ RunTime:0.016890s ]
INFO: [ view_filter ] --START--
INFO: Run Behavior\WriteHtmlCacheBehavior [ RunTime:0.001559s ]
INFO: [ view_filter ] --END-- [ RunTime:0.001732s ]
INFO: [ app_end ] --START--
INFO: Run Behavior\ShowPageTraceBehavior [ RunTime:0.001676s ]
INFO: [ app_end ] --END-- [ RunTime:0.001887s ]

[ 2017-01-25T23:20:20+08:00 ] ::1 /taoyongjin/Admin/Node/pageLIst?page=1&rows=30&sort=id&order=desc
INFO: [ app_begin ] --START--
INFO: Run Behavior\ReadHtmlCacheBehavior [ RunTime:0.002000s ]
INFO: [ app_begin ] --END-- [ RunTime:0.003182s ]
SQL: select node.id,node.name from bbb_role as role,bbb_role_user as user,bbb_access as access ,bbb_node as node where user.user_id='1' and user.role_id=role.id and ( access.role_id=role.id  or (access.role_id=role.pid and role.pid!=0 ) ) and role.status=1 and access.node_id=node.id and node.level=1 and node.status=1 [ RunTime:0.0005s ]
SQL: select node.id,node.name from bbb_role as role,bbb_role_user as user,bbb_access as access ,bbb_node as node where user.user_id='1' and user.role_id=role.id and ( access.role_id=role.id  or (access.role_id=role.pid and role.pid!=0 ) ) and role.status=1 and access.node_id=node.id and node.level=2 and node.pid=1 and node.status=1 [ RunTime:0.0006s ]
SQL: select node.id,node.name from bbb_role as role,bbb_role_user as user,bbb_access as access ,bbb_node as node where user.user_id='1' and user.role_id=role.id and ( access.role_id=role.id  or (access.role_id=role.pid and role.pid!=0 ) ) and role.status=1 and access.node_id=node.id and node.level=3 and node.pid=2 and node.status=1 [ RunTime:0.0004s ]
SQL: select node.id,node.name from bbb_role as role,bbb_role_user as user,bbb_access as access ,bbb_node as node where user.user_id='1' and user.role_id=role.id and ( access.role_id=role.id  or (access.role_id=role.pid and role.pid!=0 ) ) and role.status=1 and access.node_id=node.id and node.level=3 and node.pid=9 and node.status=1 [ RunTime:0.0004s ]
SQL: select node.id,node.name from bbb_role as role,bbb_role_user as user,bbb_access as access ,bbb_node as node where user.user_id='1' and user.role_id=role.id and ( access.role_id=role.id  or (access.role_id=role.pid and role.pid!=0 ) ) and role.status=1 and access.node_id=node.id and node.level=3 and node.pid=10 and node.status=1 [ RunTime:0.0004s ]
SQL: select node.id,node.name from bbb_role as role,bbb_role_user as user,bbb_access as access ,bbb_node as node where user.user_id='1' and user.role_id=role.id and ( access.role_id=role.id  or (access.role_id=role.pid and role.pid!=0 ) ) and role.status=1 and access.node_id=node.id and node.level=3 and node.pid=22 and node.status=1 [ RunTime:0.0004s ]
SQL: select node.id,node.name from bbb_role as role,bbb_role_user as user,bbb_access as access ,bbb_node as node where user.user_id='1' and user.role_id=role.id and ( access.role_id=role.id  or (access.role_id=role.pid and role.pid!=0 ) ) and role.status=1 and access.node_id=node.id and node.level=3 and node.pid=27 and node.status=1 [ RunTime:0.0006s ]
SQL: select node.id,node.name from bbb_role as role,bbb_role_user as user,bbb_access as access ,bbb_node as node where user.user_id='1' and user.role_id=role.id and ( access.role_id=role.id  or (access.role_id=role.pid and role.pid!=0 ) ) and role.status=1 and access.node_id=node.id and node.level=3 and node.pid=40 and node.status=1 [ RunTime:0.0006s ]
SQL: select node.id,node.name from bbb_role as role,bbb_role_user as user,bbb_access as access ,bbb_node as node where user.user_id='1' and user.role_id=role.id and ( access.role_id=role.id  or (access.role_id=role.pid and role.pid!=0 ) ) and role.status=1 and access.node_id=node.id and node.level=3 and node.pid=44 and node.status=1 [ RunTime:0.0004s ]
SQL: select node.id,node.name from bbb_role as role,bbb_role_user as user,bbb_access as access ,bbb_node as node where user.user_id='1' and user.role_id=role.id and ( access.role_id=role.id  or (access.role_id=role.pid and role.pid!=0 ) ) and role.status=1 and access.node_id=node.id and node.level=3 and node.pid=54 and node.status=1 [ RunTime:0.0005s ]
SQL: select node.id,node.name from bbb_role as role,bbb_role_user as user,bbb_access as access ,bbb_node as node where user.user_id='1' and user.role_id=role.id and ( access.role_id=role.id  or (access.role_id=role.pid and role.pid!=0 ) ) and role.status=1 and access.node_id=node.id and node.level=3 and node.pid=60 and node.status=1 [ RunTime:0.0005s ]
SQL: select node.id,node.name from bbb_role as role,bbb_role_user as user,bbb_access as access ,bbb_node as node where user.user_id='1' and user.role_id=role.id and ( access.role_id=role.id  or (access.role_id=role.pid and role.pid!=0 ) ) and role.status=1 and access.node_id=node.id and node.level=3 and node.pid=61 and node.status=1 [ RunTime:0.0005s ]
SQL: select node.id,node.name from bbb_role as role,bbb_role_user as user,bbb_access as access ,bbb_node as node where user.user_id='1' and user.role_id=role.id and ( access.role_id=role.id  or (access.role_id=role.pid and role.pid!=0 ) ) and role.status=1 and access.node_id=node.id and node.level=3 and node.pid=73 and node.status=1 [ RunTime:0.0004s ]
SQL: select node.id,node.name from bbb_role as role,bbb_role_user as user,bbb_access as access ,bbb_node as node where user.user_id='1' and user.role_id=role.id and ( access.role_id=role.id  or (access.role_id=role.pid and role.pid!=0 ) ) and role.status=1 and access.node_id=node.id and node.level=3 and node.pid=149 and node.status=1 [ RunTime:0.0004s ]
SQL: SHOW COLUMNS FROM `bbb_node` [ RunTime:0.0164s ]
SQL: SELECT * FROM `bbb_node` WHERE `level` = 2 ORDER BY id desc LIMIT 0,30   [ RunTime:0.0008s ]
SQL: SELECT * FROM `bbb_node` WHERE ( 1=1 AND id='1' ) LIMIT 1   [ RunTime:0.0005s ]
SQL: SELECT * FROM `bbb_node` WHERE ( 1=1 AND pid='154' )  [ RunTime:0.0006s ]
SQL: SELECT * FROM `bbb_node` WHERE ( 1=1 AND id='1' ) LIMIT 1   [ RunTime:0.0004s ]
SQL: SELECT * FROM `bbb_node` WHERE ( 1=1 AND pid='149' )  [ RunTime:0.0005s ]
SQL: SELECT * FROM `bbb_node` WHERE ( 1=1 AND id='1' ) LIMIT 1   [ RunTime:0.0003s ]
SQL: SELECT * FROM `bbb_node` WHERE ( 1=1 AND pid='73' )  [ RunTime:0.0004s ]
SQL: SELECT * FROM `bbb_node` WHERE ( 1=1 AND id='1' ) LIMIT 1   [ RunTime:0.0004s ]
SQL: SELECT * FROM `bbb_node` WHERE ( 1=1 AND pid='61' )  [ RunTime:0.0005s ]
SQL: SELECT * FROM `bbb_node` WHERE ( 1=1 AND id='1' ) LIMIT 1   [ RunTime:0.0003s ]
SQL: SELECT * FROM `bbb_node` WHERE ( 1=1 AND pid='60' )  [ RunTime:0.0003s ]
SQL: SELECT * FROM `bbb_node` WHERE ( 1=1 AND id='1' ) LIMIT 1   [ RunTime:0.0003s ]
SQL: SELECT * FROM `bbb_node` WHERE ( 1=1 AND pid='54' )  [ RunTime:0.0004s ]
SQL: SELECT * FROM `bbb_node` WHERE ( 1=1 AND id='1' ) LIMIT 1   [ RunTime:0.0004s ]
SQL: SELECT * FROM `bbb_node` WHERE ( 1=1 AND pid='44' )  [ RunTime:0.0004s ]
SQL: SELECT * FROM `bbb_node` WHERE ( 1=1 AND id='1' ) LIMIT 1   [ RunTime:0.0003s ]
SQL: SELECT * FROM `bbb_node` WHERE ( 1=1 AND pid='40' )  [ RunTime:0.0003s ]
SQL: SELECT * FROM `bbb_node` WHERE ( 1=1 AND id='1' ) LIMIT 1   [ RunTime:0.0002s ]
SQL: SELECT * FROM `bbb_node` WHERE ( 1=1 AND pid='27' )  [ RunTime:0.0003s ]
SQL: SELECT * FROM `bbb_node` WHERE ( 1=1 AND id='1' ) LIMIT 1   [ RunTime:0.0002s ]
SQL: SELECT * FROM `bbb_node` WHERE ( 1=1 AND pid='22' )  [ RunTime:0.0004s ]
SQL: SELECT * FROM `bbb_node` WHERE ( 1=1 AND id='1' ) LIMIT 1   [ RunTime:0.0003s ]
SQL: SELECT * FROM `bbb_node` WHERE ( 1=1 AND pid='10' )  [ RunTime:0.0003s ]
SQL: SELECT * FROM `bbb_node` WHERE ( 1=1 AND id='1' ) LIMIT 1   [ RunTime:0.0003s ]
SQL: SELECT * FROM `bbb_node` WHERE ( 1=1 AND pid='9' )  [ RunTime:0.0003s ]
SQL: SELECT * FROM `bbb_node` WHERE ( 1=1 AND id='1' ) LIMIT 1   [ RunTime:0.0003s ]
SQL: SELECT * FROM `bbb_node` WHERE ( 1=1 AND pid='2' )  [ RunTime:0.0003s ]
SQL: SELECT COUNT(*) AS tp_count FROM `bbb_node` WHERE `level` = 2 LIMIT 1   [ RunTime:0.0002s ]

[ 2017-01-25T23:20:20+08:00 ] ::1 /taoyongjin/Admin/Node/getParent
INFO: [ app_begin ] --START--
INFO: Run Behavior\ReadHtmlCacheBehavior [ RunTime:0.001643s ]
INFO: [ app_begin ] --END-- [ RunTime:0.002672s ]
SQL: select node.id,node.name from bbb_role as role,bbb_role_user as user,bbb_access as access ,bbb_node as node where user.user_id='1' and user.role_id=role.id and ( access.role_id=role.id  or (access.role_id=role.pid and role.pid!=0 ) ) and role.status=1 and access.node_id=node.id and node.level=1 and node.status=1 [ RunTime:0.0005s ]
SQL: select node.id,node.name from bbb_role as role,bbb_role_user as user,bbb_access as access ,bbb_node as node where user.user_id='1' and user.role_id=role.id and ( access.role_id=role.id  or (access.role_id=role.pid and role.pid!=0 ) ) and role.status=1 and access.node_id=node.id and node.level=2 and node.pid=1 and node.status=1 [ RunTime:0.0006s ]
SQL: select node.id,node.name from bbb_role as role,bbb_role_user as user,bbb_access as access ,bbb_node as node where user.user_id='1' and user.role_id=role.id and ( access.role_id=role.id  or (access.role_id=role.pid and role.pid!=0 ) ) and role.status=1 and access.node_id=node.id and node.level=3 and node.pid=2 and node.status=1 [ RunTime:0.0004s ]
SQL: select node.id,node.name from bbb_role as role,bbb_role_user as user,bbb_access as access ,bbb_node as node where user.user_id='1' and user.role_id=role.id and ( access.role_id=role.id  or (access.role_id=role.pid and role.pid!=0 ) ) and role.status=1 and access.node_id=node.id and node.level=3 and node.pid=9 and node.status=1 [ RunTime:0.0004s ]
SQL: select node.id,node.name from bbb_role as role,bbb_role_user as user,bbb_access as access ,bbb_node as node where user.user_id='1' and user.role_id=role.id and ( access.role_id=role.id  or (access.role_id=role.pid and role.pid!=0 ) ) and role.status=1 and access.node_id=node.id and node.level=3 and node.pid=10 and node.status=1 [ RunTime:0.0005s ]
SQL: select node.id,node.name from bbb_role as role,bbb_role_user as user,bbb_access as access ,bbb_node as node where user.user_id='1' and user.role_id=role.id and ( access.role_id=role.id  or (access.role_id=role.pid and role.pid!=0 ) ) and role.status=1 and access.node_id=node.id and node.level=3 and node.pid=22 and node.status=1 [ RunTime:0.0007s ]
SQL: select node.id,node.name from bbb_role as role,bbb_role_user as user,bbb_access as access ,bbb_node as node where user.user_id='1' and user.role_id=role.id and ( access.role_id=role.id  or (access.role_id=role.pid and role.pid!=0 ) ) and role.status=1 and access.node_id=node.id and node.level=3 and node.pid=27 and node.status=1 [ RunTime:0.0006s ]
SQL: select node.id,node.name from bbb_role as role,bbb_role_user as user,bbb_access as access ,bbb_node as node where user.user_id='1' and user.role_id=role.id and ( access.role_id=role.id  or (access.role_id=role.pid and role.pid!=0 ) ) and role.status=1 and access.node_id=node.id and node.level=3 and node.pid=40 and node.status=1 [ RunTime:0.0004s ]
SQL: select node.id,node.name from bbb_role as role,bbb_role_user as user,bbb_access as access ,bbb_node as node where user.user_id='1' and user.role_id=role.id and ( access.role_id=role.id  or (access.role_id=role.pid and role.pid!=0 ) ) and role.status=1 and access.node_id=node.id and node.level=3 and node.pid=44 and node.status=1 [ RunTime:0.0004s ]
SQL: select node.id,node.name from bbb_role as role,bbb_role_user as user,bbb_access as access ,bbb_node as node where user.user_id='1' and user.role_id=role.id and ( access.role_id=role.id  or (access.role_id=role.pid and role.pid!=0 ) ) and role.status=1 and access.node_id=node.id and node.level=3 and node.pid=54 and node.status=1 [ RunTime:0.0004s ]
SQL: select node.id,node.name from bbb_role as role,bbb_role_user as user,bbb_access as access ,bbb_node as node where user.user_id='1' and user.role_id=role.id and ( access.role_id=role.id  or (access.role_id=role.pid and role.pid!=0 ) ) and role.status=1 and access.node_id=node.id and node.level=3 and node.pid=60 and node.status=1 [ RunTime:0.0004s ]
SQL: select node.id,node.name from bbb_role as role,bbb_role_user as user,bbb_access as access ,bbb_node as node where user.user_id='1' and user.role_id=role.id and ( access.role_id=role.id  or (access.role_id=role.pid and role.pid!=0 ) ) and role.status=1 and access.node_id=node.id and node.level=3 and node.pid=61 and node.status=1 [ RunTime:0.0004s ]
SQL: select node.id,node.name from bbb_role as role,bbb_role_user as user,bbb_access as access ,bbb_node as node where user.user_id='1' and user.role_id=role.id and ( access.role_id=role.id  or (access.role_id=role.pid and role.pid!=0 ) ) and role.status=1 and access.node_id=node.id and node.level=3 and node.pid=73 and node.status=1 [ RunTime:0.0004s ]
SQL: select node.id,node.name from bbb_role as role,bbb_role_user as user,bbb_access as access ,bbb_node as node where user.user_id='1' and user.role_id=role.id and ( access.role_id=role.id  or (access.role_id=role.pid and role.pid!=0 ) ) and role.status=1 and access.node_id=node.id and node.level=3 and node.pid=149 and node.status=1 [ RunTime:0.0004s ]
NOTIC: [8] Undefined index: sort E:\wamp\www\taoyongjin\Application\Admin\Controller\NodeController.class.php 第 76 行.
NOTIC: [8] Undefined index: order E:\wamp\www\taoyongjin\Application\Admin\Controller\NodeController.class.php 第 77 行.
SQL: SHOW COLUMNS FROM `bbb_node` [ RunTime:0.0116s ]
SQL: SELECT `id`,title as text FROM `bbb_node` WHERE `level` = 1  [ RunTime:0.0004s ]
SQL: SELECT `id`,title as text FROM `bbb_node` WHERE `level` = 2 AND `pid` = 1  [ RunTime:0.0005s ]

